<testsuites id="" name="" tests="1" failures="0" skipped="0" errors="0" time="5.193879000000001">
<testsuite name="footer.spec.ts" timestamp="2026-04-03T22:59:46.029Z" hostname="chromium" tests="1" failures="0" skipped="0" time="4.14" errors="0">
<testcase name="Footer items hover effect" classname="footer.spec.ts" time="4.14">
<system-out>
<![CDATA[
[[ATTACHMENT|..\test-results\footer-Footer-items-hover-effect-chromium\test-finished-1.png]]
]]>
</system-out>
</testcase>
</testsuite>
</testsuites>